<?xml version="1.0" encoding="UTF-8"?>
<!-- Generated by org.testng.reporters.JUnitReportReporter -->
<testsuite skipped="0" hostname="LTPCHE102076955" name="com.mobileAutomation.OnboardingMF" tests="53" failures="0" timestamp="2020-09-28T11:49:36 IST" time="87.885" errors="0">
  <testcase name="TC4_02_CC_Click_Onboarding" time="0.531" classname="com.mobileAutomation.OnboardingMF"/>
  <system-out/>
  <testcase name="TC4_13_CC_Click_Continue" time="0.355" classname="com.mobileAutomation.OnboardingMF"/>
  <system-out/>
  <testcase name="TC3_03_NB_What_should_we_call_you" time="4.194" classname="com.mobileAutomation.OnboardingMF"/>
  <system-out/>
  <testcase name="TC1_13_PHB_Click_Continue" time="0.296" classname="com.mobileAutomation.OnboardingMF"/>
  <system-out/>
  <testcase name="TC1_08_PHB_Click_Next" time="0.106" classname="com.mobileAutomation.OnboardingMF"/>
  <system-out/>
  <testcase name="TC2_12_PRG_Click_Continue" time="0.246" classname="com.mobileAutomation.OnboardingMF"/>
  <system-out/>
  <testcase name="TC2_11_PRG_Click_Terms_Conditions" time="0.681" classname="com.mobileAutomation.OnboardingMF"/>
  <system-out/>
  <testcase name="TC1_02_PHB_Click_Showcase" time="0.716" classname="com.mobileAutomation.OnboardingMF"/>
  <system-out/>
  <testcase name="TC4_08_CC_How_old_are_your_kids" time="3.400" classname="com.mobileAutomation.OnboardingMF"/>
  <system-out/>
  <testcase name="TC3_10_NB_Select_Interests" time="2.795" classname="com.mobileAutomation.OnboardingMF"/>
  <system-out/>
  <testcase name="TC1_03_PHB_Click_Onboarding" time="0.630" classname="com.mobileAutomation.OnboardingMF"/>
  <system-out/>
  <testcase name="TC3_11_NB_Click_Terms_Conditions" time="0.618" classname="com.mobileAutomation.OnboardingMF"/>
  <system-out/>
  <testcase name="TC3_01_NB_Click_Showcase" time="0.557" classname="com.mobileAutomation.OnboardingMF"/>
  <system-out/>
  <testcase name="TC4_06_CC_How_many_kids_do_you_have" time="2.646" classname="com.mobileAutomation.OnboardingMF"/>
  <system-out/>
  <testcase name="TC1_10_PHB_Lastly_how_old_are_you" time="2.584" classname="com.mobileAutomation.OnboardingMF"/>
  <system-out/>
  <testcase name="TC1_11_PHB_Select_Interests" time="4.110" classname="com.mobileAutomation.OnboardingMF"/>
  <system-out/>
  <testcase name="TC4_09_CC_Click_Next" time="0.113" classname="com.mobileAutomation.OnboardingMF"/>
  <system-out/>
  <testcase name="TC1_12_PHB_Click_Terms_Conditions" time="0.718" classname="com.mobileAutomation.OnboardingMF"/>
  <system-out/>
  <testcase name="TC4_01_CC_Click_Showcase" time="0.663" classname="com.mobileAutomation.OnboardingMF"/>
  <system-out/>
  <testcase name="TC3_05_NB_I_have_a_newborn" time="3.820" classname="com.mobileAutomation.OnboardingMF"/>
  <system-out/>
  <testcase name="TC4_05_CC_Click_I_have_a_child_children" time="1.895" classname="com.mobileAutomation.OnboardingMF"/>
  <system-out/>
  <testcase name="TC4_07_CC_Click_Next" time="0.119" classname="com.mobileAutomation.OnboardingMF"/>
  <system-out/>
  <testcase name="TC2_03_PRG_What_should_we_call_you" time="3.680" classname="com.mobileAutomation.OnboardingMF"/>
  <system-out/>
  <testcase name="TC4_11_CC_Select_Interests" time="3.864" classname="com.mobileAutomation.OnboardingMF"/>
  <system-out/>
  <testcase name="TC3_08_NB_Click_Next" time="0.171" classname="com.mobileAutomation.OnboardingMF"/>
  <system-out/>
  <testcase name="TC3_12_NB_Click_Continue" time="0.353" classname="com.mobileAutomation.OnboardingMF"/>
  <system-out/>
  <testcase name="TC1_09_PHB_Is_this_your_first_child" time="0.937" classname="com.mobileAutomation.OnboardingMF"/>
  <system-out/>
  <testcase name="TC2_04_PRG_Gender_selection_Male" time="1.107" classname="com.mobileAutomation.OnboardingMF"/>
  <system-out/>
  <testcase name="TC2_08_PRG_Is_this_your_first_child_Select_No" time="0.765" classname="com.mobileAutomation.OnboardingMF"/>
  <system-out/>
  <testcase name="TC4_10_CC_Lastly_how_old_are_you" time="2.354" classname="com.mobileAutomation.OnboardingMF"/>
  <system-out/>
  <testcase name="TC2_01_PRG_Click_Showcase" time="0.582" classname="com.mobileAutomation.OnboardingMF"/>
  <system-out/>
  <testcase name="TC3_09_NB_Lastly_how_old_are_you" time="2.815" classname="com.mobileAutomation.OnboardingMF"/>
  <system-out/>
  <testcase name="TC4_04_CC_Gender_selection_Male" time="0.962" classname="com.mobileAutomation.OnboardingMF"/>
  <system-out/>
  <testcase name="TC4_03_CC_What_should_we_call_you" time="4.179" classname="com.mobileAutomation.OnboardingMF"/>
  <system-out/>
  <testcase name="TC3_13_NB_Click_Terms_conditions_Close" time="0.710" classname="com.mobileAutomation.OnboardingMF"/>
  <system-out/>
  <testcase name="TC3_02_NB_Click_onboarding" time="0.583" classname="com.mobileAutomation.OnboardingMF"/>
  <system-out/>
  <testcase name="TC1_06_PHB_Click_My_partner_and_I_are_planning_to_have_a_baby" time="3.878" classname="com.mobileAutomation.OnboardingMF"/>
  <system-out/>
  <testcase name="TC1_14_PHB_Click_Terms_conditions_Close" time="0.690" classname="com.mobileAutomation.OnboardingMF"/>
  <system-out/>
  <testcase name="TC3_07_NB_Enter_your_baby_date_of_birth" time="2.783" classname="com.mobileAutomation.OnboardingMF"/>
  <system-out/>
  <testcase name="TC1_07_PHB_How_long_have_you_been_trying_to_conceive" time="2.273" classname="com.mobileAutomation.OnboardingMF"/>
  <system-out/>
  <testcase name="TC2_09_PRG_Lastly_how_old_are_you" time="2.772" classname="com.mobileAutomation.OnboardingMF"/>
  <system-out/>
  <testcase name="TC1_05_PHB_Gender_selection_Male" time="0.945" classname="com.mobileAutomation.OnboardingMF"/>
  <system-out/>
  <testcase name="TC2_10_PRG_Select_Interests" time="3.855" classname="com.mobileAutomation.OnboardingMF"/>
  <system-out/>
  <testcase name="TC3_06_NB_Is_your_child_a_boy_or_girl_Select_Girl" time="0.751" classname="com.mobileAutomation.OnboardingMF"/>
  <system-out/>
  <testcase name="TC1_04_PHB_What_should_we_call_you" time="3.424" classname="com.mobileAutomation.OnboardingMF"/>
  <system-out/>
  <testcase name="TC3_04_NB_Gender_selection_Male" time="0.820" classname="com.mobileAutomation.OnboardingMF"/>
  <system-out/>
  <testcase name="TC2_13_PRG_Click_Terms_conditions_Close" time="0.745" classname="com.mobileAutomation.OnboardingMF"/>
  <system-out/>
  <testcase name="TC4_14_CC_Click_Terms_conditions_Close" time="0.780" classname="com.mobileAutomation.OnboardingMF"/>
  <system-out/>
  <testcase name="TC2_02_PRG_Click_onboarding" time="0.591" classname="com.mobileAutomation.OnboardingMF"/>
  <system-out/>
  <testcase name="TC2_07_PRG_Click_Next" time="0.193" classname="com.mobileAutomation.OnboardingMF"/>
  <system-out/>
  <testcase name="TC4_12_CC_Click_Terms_Conditions" time="0.612" classname="com.mobileAutomation.OnboardingMF"/>
  <system-out/>
  <testcase name="TC2_05_PRG_Click_My_partner_and_I_are_pregnant" time="3.853" classname="com.mobileAutomation.OnboardingMF"/>
  <system-out/>
  <testcase name="TC2_06_PRG_Do_you_know_your_due_date" time="4.065" classname="com.mobileAutomation.OnboardingMF"/>
  <system-out/>
</testsuite> <!-- com.mobileAutomation.OnboardingMF -->
