<?xml version="1.0" encoding="UTF-8"?>
<!-- Generated by org.testng.reporters.JUnitReportReporter -->
<testsuite skipped="0" hostname="LTPCHE102076955" name="com.mobileAutomation.Common" tests="1" failures="0" timestamp="2020-09-28T14:13:50 IST" time="43.822" errors="0">
  <testcase name="TC_01_Verify_LaunchApp" time="43.822" classname="com.mobileAutomation.Common"/>
  <system-out/>
</testsuite> <!-- com.mobileAutomation.Common -->
