<?xml version="1.0" encoding="UTF-8"?>
<!-- Generated by org.testng.reporters.JUnitReportReporter -->
<testsuite skipped="0" hostname="LTPCHE102076955" name="com.mobileAuto.MobileEmulatorAutomation" tests="1" failures="0" timestamp="2020-08-14T00:35:28 IST" time="4.538" errors="0">
  <testcase name="ButtonClick" time="4.538" classname="com.mobileAuto.MobileEmulatorAutomation"/>
  <system-out/>
</testsuite> <!-- com.mobileAuto.MobileEmulatorAutomation -->
