<?xml version="1.0" encoding="UTF-8"?>
<!-- Generated by org.testng.reporters.JUnitReportReporter -->
<testsuite skipped="0" hostname="LTPCHE102076955" name="com.mobileAutomation.OnboardingFF" tests="26" failures="0" timestamp="2020-09-28T14:13:50 IST" time="47.166" errors="0">
  <testcase name="TC2_08_PRG_Is_this_your_first_child_Select_Yes" time="0.899" classname="com.mobileAutomation.OnboardingFF"/>
  <system-out/>
  <testcase name="TC2_01_PRG_Click_Showcase" time="0.563" classname="com.mobileAutomation.OnboardingFF"/>
  <system-out/>
  <testcase name="TC2_02_PRG_Click_onboarding" time="0.482" classname="com.mobileAutomation.OnboardingFF"/>
  <system-out/>
  <testcase name="TC1_11_PHB_Select_Interests" time="4.853" classname="com.mobileAutomation.OnboardingFF"/>
  <system-out/>
  <testcase name="TC2_09_PRG_Lastly_how_old_are_you" time="2.872" classname="com.mobileAutomation.OnboardingFF"/>
  <system-out/>
  <testcase name="TC2_13_PRG_Click_Terms_conditions_Close" time="0.786" classname="com.mobileAutomation.OnboardingFF"/>
  <system-out/>
  <testcase name="TC2_11_PRG_Click_Terms_Conditions" time="0.620" classname="com.mobileAutomation.OnboardingFF"/>
  <system-out/>
  <testcase name="TC1_04_PHB_What_should_we_call_you" time="5.101" classname="com.mobileAutomation.OnboardingFF"/>
  <system-out/>
  <testcase name="TC2_05_PRG_Click_My_partner_and_I_are_pregnant" time="2.409" classname="com.mobileAutomation.OnboardingFF"/>
  <system-out/>
  <testcase name="TC2_03_PRG_What_should_we_call_you" time="4.514" classname="com.mobileAutomation.OnboardingFF"/>
  <system-out/>
  <testcase name="TC2_04_PRG_Gender_selection_Female" time="1.075" classname="com.mobileAutomation.OnboardingFF"/>
  <system-out/>
  <testcase name="TC1_03_PHB_Click_Onboarding" time="0.325" classname="com.mobileAutomation.OnboardingFF"/>
  <system-out/>
  <testcase name="TC2_10_PRG_Select_Interests" time="3.107" classname="com.mobileAutomation.OnboardingFF"/>
  <system-out/>
  <testcase name="TC1_05_PHB_Gender_selection_Female" time="1.220" classname="com.mobileAutomation.OnboardingFF"/>
  <system-out/>
  <testcase name="TC1_02_PHB_Click_Showcase" time="0.288" classname="com.mobileAutomation.OnboardingFF"/>
  <system-out/>
  <testcase name="TC2_06_PRG_Do_you_know_your_due_date" time="4.414" classname="com.mobileAutomation.OnboardingFF"/>
  <system-out/>
  <testcase name="TC2_12_PRG_Click_Continue" time="0.197" classname="com.mobileAutomation.OnboardingFF"/>
  <system-out/>
  <testcase name="TC1_10_PHB_Lastly_how_old_are_you" time="3.176" classname="com.mobileAutomation.OnboardingFF"/>
  <system-out/>
  <testcase name="TC2_07_PRG_Click_Next" time="0.225" classname="com.mobileAutomation.OnboardingFF"/>
  <system-out/>
  <testcase name="TC1_07_PHB_How_long_have_you_been_trying_to_conceive" time="2.909" classname="com.mobileAutomation.OnboardingFF"/>
  <system-out/>
  <testcase name="TC1_09_PHB_Is_this_your_first_child" time="0.786" classname="com.mobileAutomation.OnboardingFF"/>
  <system-out/>
  <testcase name="TC1_12_PHB_Click_Terms_Conditions" time="0.799" classname="com.mobileAutomation.OnboardingFF"/>
  <system-out/>
  <testcase name="TC1_13_PHB_Click_Continue" time="0.281" classname="com.mobileAutomation.OnboardingFF"/>
  <system-out/>
  <testcase name="TC1_06_PHB_Click_My_partner_and_I_are_planning_to_have_a_baby" time="4.406" classname="com.mobileAutomation.OnboardingFF"/>
  <system-out/>
  <testcase name="TC1_08_PHB_Click_Next" time="0.139" classname="com.mobileAutomation.OnboardingFF"/>
  <system-out/>
  <testcase name="TC1_14_PHB_Click_Terms_conditions_Close" time="0.720" classname="com.mobileAutomation.OnboardingFF"/>
  <system-out/>
</testsuite> <!-- com.mobileAutomation.OnboardingFF -->
