<?xml version="1.0" encoding="UTF-8"?>
<!-- Generated by org.testng.reporters.JUnitReportReporter -->
<testsuite skipped="0" hostname="LTPCHE102076955" name="com.mobileAutomation.Onboarding" tests="5" failures="0" timestamp="2020-09-25T15:40:53 IST" time="10.758" errors="0">
  <testcase name="TC3_02_NB_Click_onboarding" time="0.401" classname="com.mobileAutomation.Onboarding"/>
  <system-out/>
  <testcase name="TC3_01_NB_Click_Showcase" time="0.204" classname="com.mobileAutomation.Onboarding"/>
  <system-out/>
  <testcase name="TC3_04_NB_Gender_selection_Female" time="3.965" classname="com.mobileAutomation.Onboarding"/>
  <system-out/>
  <testcase name="TC3_05_NB_We_have_a_newborn" time="3.949" classname="com.mobileAutomation.Onboarding"/>
  <system-out/>
  <testcase name="TC3_03_NB_What_should_we_call_you" time="2.239" classname="com.mobileAutomation.Onboarding"/>
  <system-out/>
</testsuite> <!-- com.mobileAutomation.Onboarding -->
