<?xml version="1.0" encoding="UTF-8"?>
<!-- Generated by org.testng.reporters.JUnitReportReporter -->
<testsuite skipped="0" hostname="LTPCHE102076955" name="com.mobileAuto.Testing" tests="1" failures="0" timestamp="2020-07-25T23:52:31 IST" time="9.875" errors="0">
  <testcase name="print" time="9.875" classname="com.mobileAuto.Testing"/>
  <system-out/>
</testsuite> <!-- com.mobileAuto.Testing -->
