<?xml version="1.0" encoding="UTF-8"?>
<!-- Generated by org.testng.reporters.JUnitReportReporter -->
<testsuite skipped="0" hostname="LTPCHE102076955" name="com.mobileAuto.Onboarding" tests="1" failures="0" timestamp="2020-09-20T11:52:55 IST" time="28.971" errors="0">
  <testcase name="TC_01_Verify_LaunchApp" time="28.971" classname="com.mobileAuto.Onboarding"/>
  <system-out/>
</testsuite> <!-- com.mobileAuto.Onboarding -->
